<?xml version="1.0" encoding="UTF-8"?>
<!-- Generated by org.testng.reporters.JUnitXMLReporter -->
<testsuite hostname="LAPTOP-S88I2CGD" ignored="2" name="test1" tests="2" failures="0" timestamp="2020-07-08T03:00:15 CDT" time="23.205" errors="0">
  <testcase name="correctLogin" time="12.108" classname="testNgPractice.GroupsDemo"/>
  <testcase name="correctLogin2" time="11.004" classname="testNgPractice.GroupsDemo"/>
  <testcase name="incorrectPassword" time="0.0" classname="testNgPractice.GroupsDemo">
    <ignored/>
  </testcase> <!-- incorrectPassword -->
  <testcase name="incorrectUserName" time="0.0" classname="testNgPractice.GroupsDemo">
    <ignored/>
  </testcase> <!-- incorrectUserName -->
</testsuite> <!-- test1 -->
