<?xml version="1.0" encoding="UTF-8"?>
<!-- Generated by org.testng.reporters.JUnitXMLReporter -->
<testsuite hostname="LAPTOP-S88I2CGD" ignored="1" name="Test1" tests="5" failures="0" timestamp="2020-07-08T03:03:17 CDT" time="39.364" errors="0">
  <testcase name="login" time="3.478" classname="testNgPractice.Annotation2"/>
  <testcase name="addCustomer" time="16.276" classname="testNgPractice.Annotation2"/>
  <testcase name="incorrectPassword" time="1.692" classname="testNgPractice.SimpleAnnotation1"/>
  <testcase name="login" time="1.075" classname="testNgPractice.SimpleAnnotation1"/>
  <testcase name="incorrectUserName" time="1.08" classname="testNgPractice.SimpleAnnotation1"/>
  <testcase name="login1" time="0.0" classname="testNgPractice.SimpleAnnotation1">
    <ignored/>
  </testcase> <!-- login1 -->
</testsuite> <!-- Test1 -->
