<?xml version="1.0" encoding="UTF-8"?>
<!-- Generated by org.testng.reporters.JUnitXMLReporter -->
<testsuite hostname="LAPTOP-S88I2CGD" ignored="2" name="Test2" tests="2" failures="0" timestamp="2020-07-08T14:57:35 CDT" time="15.507" errors="0">
  <testcase name="incorrectPassword" time="7.321" classname="testNgPractice.GroupsDemo"/>
  <testcase name="incorrectUserName" time="8.12" classname="testNgPractice.GroupsDemo"/>
  <testcase name="correctLogin" time="0.0" classname="testNgPractice.GroupsDemo">
    <ignored/>
  </testcase> <!-- correctLogin -->
  <testcase name="correctLogin2" time="0.0" classname="testNgPractice.GroupsDemo">
    <ignored/>
  </testcase> <!-- correctLogin2 -->
</testsuite> <!-- Test2 -->
